2026-03-14 02:06:11,324 - INFO - Scraping category: Furniture Decor (ID: 67)
2026-03-14 02:06:11,324 - INFO -   City: delhi
2026-03-14 02:06:21,680 - INFO -   City: mumbai
2026-03-14 02:06:32,096 - INFO -   City: bangalore
2026-03-14 02:06:40,812 - INFO -   City: chennai
2026-03-14 02:06:51,619 - INFO -   City: kolkata
2026-03-14 02:07:03,287 - INFO -   City: hyderabad
2026-03-14 02:07:14,611 - INFO -   City: pune
2026-03-14 02:07:24,481 - INFO -   City: ahmedabad
2026-03-14 02:07:36,820 - INFO -   City: jaipur
2026-03-14 02:07:47,967 - INFO -   City: lucknow
2026-03-14 02:07:58,996 - INFO -   City: chandigarh
2026-03-14 02:08:09,186 - INFO -   City: kochi
2026-03-14 02:08:18,433 - INFO -   City: bhopal
2026-03-14 02:08:27,251 - INFO -   City: indore
2026-03-14 02:08:40,083 - INFO -   City: nagpur
2026-03-14 02:08:50,117 - INFO - Collected 0 products from Furniture Decor
2026-03-14 02:08:57,506 - INFO - Scraping category: Appliances ACs (ID: 68)
2026-03-14 02:08:57,506 - INFO -   City: delhi
2026-03-14 02:09:06,764 - INFO -   City: mumbai
2026-03-14 02:09:18,793 - INFO -   City: bangalore
2026-03-14 02:09:29,007 - INFO -   City: chennai
2026-03-14 02:09:38,035 - INFO -   City: kolkata
2026-03-14 02:09:45,973 - INFO -   City: hyderabad
2026-03-14 02:09:55,678 - INFO -   City: pune
2026-03-14 02:10:04,741 - INFO -   City: ahmedabad
2026-03-14 02:10:18,515 - INFO -   City: jaipur
2026-03-14 02:10:27,910 - INFO -   City: lucknow
2026-03-14 02:10:35,930 - INFO -   City: chandigarh
2026-03-14 02:10:45,600 - INFO -   City: kochi
2026-03-14 02:10:58,205 - INFO -   City: bhopal
